<?xml version="1.0" encoding="UTF-8"?>
<!-- Generated by org.testng.reporters.JUnitReportReporter -->
<testsuite hostname="DESKTOP-QA4MQIL" failures="0" tests="3" name="testCase.LoginAndAddCart" time="29.278" errors="0" timestamp="2024-02-26T17:37:26 BDT" skipped="0">
  <testcase classname="testCase.LoginAndAddCart" name="navigate" time="7.901"/>
  <testcase classname="testCase.LoginAndAddCart" name="logIn" time="6.137"/>
  <testcase classname="testCase.LoginAndAddCart" name="addToCart" time="15.240"/>
</testsuite> <!-- testCase.LoginAndAddCart -->
